


ARM Macro Assembler    Page 1 


    1 00000000                 AREA             RESET, DATA, READONLY
    2 00000000                 EXPORT           __Vectors
    3 00000000         __Vectors
    4 00000000 10001000        DCD              0x10001000
    5 00000004 00000000        DCD              Reset_Handler
    6 00000008                 ALIGN
    7 00000008                 AREA             mycode, CODE, READONLY
    8 00000000                 ENTRY
    9 00000000                 EXPORT           Reset_Handler
   10 00000000         Reset_Handler
   11 00000000 4807            LDR              R0, =N
   12 00000002 4E08            LDR              R6, =DST
   13 00000004 6800            LDR              R0,[R0]
   14 00000006 F000 010F       AND              R1,R0,#0xF
   15 0000000A EA4F 1210       LSR              R2,R0,#4
   16 0000000E         
   17 0000000E F04F 030A       MOV              R3, #0xA
   18 00000012 FB03 1502       MLA              R5,R3,R2,R1
   19 00000016 6035            STR              R5, [R6]
   20 00000018         
   21 00000018         STOP
   22 00000018 E7FE            B                STOP
   23 0000001A 00 00 00000097 
                       N       DCD              0X97
   24 00000020 00000000 
              00000000         AREA             mydata, DATA, READWRITE
   25 00000000 00000000 
                       DST     DCD              0
   26 00000004                 END
Command Line: --debug --xref --cpu=Cortex-M3 --apcs=interwork --depend=q2text.d
 -oq2text.o -IC:\Keil\ARM\RV31\INC -IC:\Keil\ARM\CMSIS\Include -IC:\Keil\ARM\In
c\NXP\LPC17xx --predefine="__EVAL SETA 1" --list=q2text.lst q2text.asm



ARM Macro Assembler    Page 1 Alphabetic symbol ordering
Relocatable symbols

RESET 00000000

Symbol: RESET
   Definitions
      At line 1 in file q2text.asm
   Uses
      None
Comment: RESET unused
__Vectors 00000000

Symbol: __Vectors
   Definitions
      At line 3 in file q2text.asm
   Uses
      At line 2 in file q2text.asm
Comment: __Vectors used once
2 symbols



ARM Macro Assembler    Page 1 Alphabetic symbol ordering
Relocatable symbols

N 0000001C

Symbol: N
   Definitions
      At line 23 in file q2text.asm
   Uses
      At line 11 in file q2text.asm
Comment: N used once
Reset_Handler 00000000

Symbol: Reset_Handler
   Definitions
      At line 10 in file q2text.asm
   Uses
      At line 5 in file q2text.asm
      At line 9 in file q2text.asm

STOP 00000018

Symbol: STOP
   Definitions
      At line 21 in file q2text.asm
   Uses
      At line 22 in file q2text.asm
Comment: STOP used once
mycode 00000000

Symbol: mycode
   Definitions
      At line 7 in file q2text.asm
   Uses
      None
Comment: mycode unused
4 symbols



ARM Macro Assembler    Page 1 Alphabetic symbol ordering
Relocatable symbols

DST 00000000

Symbol: DST
   Definitions
      At line 25 in file q2text.asm
   Uses
      At line 12 in file q2text.asm
Comment: DST used once
mydata 00000000

Symbol: mydata
   Definitions
      At line 24 in file q2text.asm
   Uses
      None
Comment: mydata unused
2 symbols
341 symbols in table
