


ARM Macro Assembler    Page 1 


    1 00000000                 AREA             RESET, DATA, READONLY
    2 00000000                 EXPORT           __Vectors
    3 00000000         __Vectors
    4 00000000 10001000        DCD              0x10001000
    5 00000004 00000000        DCD              Reset_Handler
    6 00000008                 ALIGN
    7 00000008                 AREA             mycode, CODE, READONLY
    8 00000000                 ENTRY
    9 00000000                 EXPORT           Reset_Handler
   10 00000000         Reset_Handler
   11 00000000 480C            LDR              R0, =N
   12 00000002 6801            LDR              R1,[R0]
   13 00000004 2900    UP2     CMP              R1, #0
   14 00000006 D00F            BEQ              EXIT2
   15 00000008 F04F 0300       MOV              R3, #0
   16 0000000C         UP1
   17 0000000C 290A            CMP              R1, #0xA
   18 0000000E D304            BLO              EXIT1
   19 00000010 F1A1 010A       SUB              R1, #0xA
   20 00000014 F103 0301       ADD              R3, #1
   21 00000018 E7F8            B                UP1
   22 0000001A         
   23 0000001A         EXIT1
   24 0000001A FA01 F102       LSL              R1, R2
   25 0000001E 440D            ADD              R5, R1
   26 00000020 F102 0204       ADD              R2, #4
   27 00000024 4619            MOV              R1, R3
   28 00000026 E7ED            B                UP2
   29 00000028         
   30 00000028         EXIT2
   31 00000028 4C03            LDR              R4, =DST
   32 0000002A 6025            STR              R5, [R4]
   33 0000002C         
   34 0000002C         STOP
   35 0000002C E7FE            B                STOP
   36 0000002E 00 00 000000FE 
                       N       DCD              0XFE
   37 00000034 00000000 
              00000000         AREA             mydata, DATA, READWRITE
   38 00000000 00000000 
                       DST     DCD              0
   39 00000004                 END
Command Line: --debug --xref --cpu=Cortex-M3 --apcs=interwork --depend=q3text.d
 -oq3text.o -IC:\Keil\ARM\RV31\INC -IC:\Keil\ARM\CMSIS\Include -IC:\Keil\ARM\In
c\NXP\LPC17xx --predefine="__EVAL SETA 1" --list=q3text.lst q3text.asm



ARM Macro Assembler    Page 1 Alphabetic symbol ordering
Relocatable symbols

RESET 00000000

Symbol: RESET
   Definitions
      At line 1 in file q3text.asm
   Uses
      None
Comment: RESET unused
__Vectors 00000000

Symbol: __Vectors
   Definitions
      At line 3 in file q3text.asm
   Uses
      At line 2 in file q3text.asm
Comment: __Vectors used once
2 symbols



ARM Macro Assembler    Page 1 Alphabetic symbol ordering
Relocatable symbols

EXIT1 0000001A

Symbol: EXIT1
   Definitions
      At line 23 in file q3text.asm
   Uses
      At line 18 in file q3text.asm
Comment: EXIT1 used once
EXIT2 00000028

Symbol: EXIT2
   Definitions
      At line 30 in file q3text.asm
   Uses
      At line 14 in file q3text.asm
Comment: EXIT2 used once
N 00000030

Symbol: N
   Definitions
      At line 36 in file q3text.asm
   Uses
      At line 11 in file q3text.asm
Comment: N used once
Reset_Handler 00000000

Symbol: Reset_Handler
   Definitions
      At line 10 in file q3text.asm
   Uses
      At line 5 in file q3text.asm
      At line 9 in file q3text.asm

STOP 0000002C

Symbol: STOP
   Definitions
      At line 34 in file q3text.asm
   Uses
      At line 35 in file q3text.asm
Comment: STOP used once
UP1 0000000C

Symbol: UP1
   Definitions
      At line 16 in file q3text.asm
   Uses
      At line 21 in file q3text.asm
Comment: UP1 used once
UP2 00000004

Symbol: UP2
   Definitions
      At line 13 in file q3text.asm
   Uses
      At line 28 in file q3text.asm
Comment: UP2 used once
mycode 00000000




ARM Macro Assembler    Page 2 Alphabetic symbol ordering
Relocatable symbols

Symbol: mycode
   Definitions
      At line 7 in file q3text.asm
   Uses
      None
Comment: mycode unused
8 symbols



ARM Macro Assembler    Page 1 Alphabetic symbol ordering
Relocatable symbols

DST 00000000

Symbol: DST
   Definitions
      At line 38 in file q3text.asm
   Uses
      At line 31 in file q3text.asm
Comment: DST used once
mydata 00000000

Symbol: mydata
   Definitions
      At line 37 in file q3text.asm
   Uses
      None
Comment: mydata unused
2 symbols
345 symbols in table
