


ARM Macro Assembler    Page 1 


    1 00000000                 AREA             RESET, DATA, READONLY
    2 00000000                 EXPORT           __Vectors
    3 00000000         __Vectors
    4 00000000 10001000        DCD              0x10001000
    5 00000004 00000000        DCD              Reset_Handler
    6 00000008                 ALIGN
    7 00000008                 AREA             mycode, CODE, READONLY
    8 00000000                 ENTRY
    9 00000000                 EXPORT           Reset_Handler
   10 00000000         Reset_Handler
   11 00000000 F04F 0305       MOV              R3, #5
   12 00000004 480A            LDR              R0, =N      ;
   13 00000006 490B            LDR              R1, =DST
   14 00000008         BACK
   15 00000008 F850 2B04       LDR              R2, [R0], #4 ; read
   16 0000000C F841 2B04       STR              R2, [R1], #4 ; write
   17 00000010 F1A3 0301       SUB              R3, #1
   18 00000014 2B00            CMP              R3, #0
   19 00000016 D1F7            BNE              BACK
   20 00000018         
   21 00000018         STOP
   22 00000018 E7FE            B                STOP
   23 0000001A 00000005 
                       SIZE    EQU              5
   24 0000001A 00000002 
                       SHIFTS  EQU              2
   25 0000001A 00 00 12345678 
              0000006A 
              00000234 
              0000049C 
              000A13BC N       DCD              0X12345678, 0x6A, 0x234, 0x49C,
 0xA13BC
   26 00000030 00000000 
              00000000         AREA             mydata, DATA, READWRITE
   27 00000000 00000000 
              00000000 
              00000000 
              00000000 
              00000000 DST     DCD              0,0,0,0,0
   28 00000014                 END
Command Line: --debug --xref --cpu=Cortex-M3 --apcs=interwork --depend=text1.d 
-otext1.o -IC:\Keil\ARM\RV31\INC -IC:\Keil\ARM\CMSIS\Include -IC:\Keil\ARM\Inc\
NXP\LPC17xx --predefine="__EVAL SETA 1" --list=text1.lst text1.asm



ARM Macro Assembler    Page 1 Alphabetic symbol ordering
Relocatable symbols

RESET 00000000

Symbol: RESET
   Definitions
      At line 1 in file text1.asm
   Uses
      None
Comment: RESET unused
__Vectors 00000000

Symbol: __Vectors
   Definitions
      At line 3 in file text1.asm
   Uses
      At line 2 in file text1.asm
Comment: __Vectors used once
2 symbols



ARM Macro Assembler    Page 1 Alphabetic symbol ordering
Relocatable symbols

BACK 00000008

Symbol: BACK
   Definitions
      At line 14 in file text1.asm
   Uses
      At line 19 in file text1.asm
Comment: BACK used once
N 0000001C

Symbol: N
   Definitions
      At line 25 in file text1.asm
   Uses
      At line 12 in file text1.asm
Comment: N used once
Reset_Handler 00000000

Symbol: Reset_Handler
   Definitions
      At line 10 in file text1.asm
   Uses
      At line 5 in file text1.asm
      At line 9 in file text1.asm

STOP 00000018

Symbol: STOP
   Definitions
      At line 21 in file text1.asm
   Uses
      At line 22 in file text1.asm
Comment: STOP used once
mycode 00000000

Symbol: mycode
   Definitions
      At line 7 in file text1.asm
   Uses
      None
Comment: mycode unused
5 symbols



ARM Macro Assembler    Page 1 Alphabetic symbol ordering
Relocatable symbols

DST 00000000

Symbol: DST
   Definitions
      At line 27 in file text1.asm
   Uses
      At line 13 in file text1.asm
Comment: DST used once
mydata 00000000

Symbol: mydata
   Definitions
      At line 26 in file text1.asm
   Uses
      None
Comment: mydata unused
2 symbols



ARM Macro Assembler    Page 1 Alphabetic symbol ordering
Absolute symbols

SHIFTS 00000002

Symbol: SHIFTS
   Definitions
      At line 24 in file text1.asm
   Uses
      None
Comment: SHIFTS unused
SIZE 00000005

Symbol: SIZE
   Definitions
      At line 23 in file text1.asm
   Uses
      None
Comment: SIZE unused
2 symbols
344 symbols in table
