


ARM Macro Assembler    Page 1 


    1 00000000                 AREA             RESET, DATA, READONLY
    2 00000000                 EXPORT           __Vectors
    3 00000000         __Vectors
    4 00000000 10001000        DCD              0x10001000
    5 00000004 00000000        DCD              Reset_Handler
    6 00000008                 ALIGN
    7 00000008                 AREA             mycode, CODE, READONLY
    8 00000000                 ENTRY
    9 00000000                 EXPORT           Reset_Handler
   10 00000000         Reset_Handler
   11 00000000 480A            LDR              R0, =N
   12 00000002 6800            LDR              R0, [R0]
   13 00000004 F000 F803       BL               FACT
   14 00000008 4909            LDR              R1, =DST
   15 0000000A 6008            STR              R0, [R1]
   16 0000000C         STOP
   17 0000000C E7FE            B                STOP
   18 0000000E         FACT
   19 0000000E 2801            CMP              R0,#1
   20 00000010 D004            BEQ              EXIT
   21 00000012 B501            PUSH{R0,LR}
   22 00000014 F1A0 0001       SUB              R0,#1
   23 00000018 F7FF FFF9       BL               FACT
   24 0000001C         EXIT
   25 0000001C E8BD 4004       POP{R2,LR}
   26 00000020 FB00 F002       MUL              R0,R2
   27 00000024 4770            BX               LR
   28 00000026         
   29 00000026 00 00 00000008 
                       N       DCD              0X8
   30 0000002C 00000000 
              00000000         AREA             mydata, DATA, READWRITE
   31 00000000 00000000 
                       DST     DCD              0
   32 00000004                 END
Command Line: --debug --xref --cpu=Cortex-M3 --apcs=interwork --depend=q2text.d
 -oq2text.o -IC:\Keil\ARM\RV31\INC -IC:\Keil\ARM\CMSIS\Include -IC:\Keil\ARM\In
c\NXP\LPC17xx --predefine="__EVAL SETA 1" --list=q2text.lst q2text.asm



ARM Macro Assembler    Page 1 Alphabetic symbol ordering
Relocatable symbols

RESET 00000000

Symbol: RESET
   Definitions
      At line 1 in file q2text.asm
   Uses
      None
Comment: RESET unused
__Vectors 00000000

Symbol: __Vectors
   Definitions
      At line 3 in file q2text.asm
   Uses
      At line 2 in file q2text.asm
Comment: __Vectors used once
2 symbols



ARM Macro Assembler    Page 1 Alphabetic symbol ordering
Relocatable symbols

EXIT 0000001C

Symbol: EXIT
   Definitions
      At line 24 in file q2text.asm
   Uses
      At line 20 in file q2text.asm
Comment: EXIT used once
FACT 0000000E

Symbol: FACT
   Definitions
      At line 18 in file q2text.asm
   Uses
      At line 13 in file q2text.asm
      At line 23 in file q2text.asm

N 00000028

Symbol: N
   Definitions
      At line 29 in file q2text.asm
   Uses
      At line 11 in file q2text.asm
Comment: N used once
Reset_Handler 00000000

Symbol: Reset_Handler
   Definitions
      At line 10 in file q2text.asm
   Uses
      At line 5 in file q2text.asm
      At line 9 in file q2text.asm

STOP 0000000C

Symbol: STOP
   Definitions
      At line 16 in file q2text.asm
   Uses
      At line 17 in file q2text.asm
Comment: STOP used once
mycode 00000000

Symbol: mycode
   Definitions
      At line 7 in file q2text.asm
   Uses
      None
Comment: mycode unused
6 symbols



ARM Macro Assembler    Page 1 Alphabetic symbol ordering
Relocatable symbols

DST 00000000

Symbol: DST
   Definitions
      At line 31 in file q2text.asm
   Uses
      At line 14 in file q2text.asm
Comment: DST used once
mydata 00000000

Symbol: mydata
   Definitions
      At line 30 in file q2text.asm
   Uses
      None
Comment: mydata unused
2 symbols
343 symbols in table
