


ARM Macro Assembler    Page 1 


    1 00000000                 AREA             RESET, DATA, READONLY
    2 00000000                 EXPORT           __Vectors
    3 00000000         __Vectors
    4 00000000 10001000        DCD              0x10001000
    5 00000004 00000000        DCD              Reset_Handler
    6 00000008                 ALIGN
    7 00000008                 AREA             mycode, CODE, READONLY
    8 00000000                 ENTRY
    9 00000000                 EXPORT           Reset_Handler
   10 00000000         Reset_Handler
   11 00000000 F04F 030A       MOV              R3, #10
   12 00000004 4811            LDR              R0, =N
   13 00000006 4912            LDR              R1, =DST
   14 00000008         BACK
   15 00000008 F850 2B04       LDR              R2, [R0], #4
   16 0000000C 18A4            ADDS             R4 , R2
   17 0000000E F155 0500       ADCS             R5, #0
   18 00000012 F1A3 0301       SUB              R3, #1
   19 00000016 2B00            CMP              R3, #0
   20 00000018 D1F6            BNE              BACK
   21 0000001A         
   22 0000001A F841 4B04       STR              R4 , [R1], #4
   23 0000001E 600D            STR              R5 , [R1]
   24 00000020         
   25 00000020         STOP
   26 00000020 E7FE            B                STOP
   27 00000022 00 00 12345678 
              0000006A 
              00000234 
              0000049C 
              EEEA13BC 
              98765432 
              00000456 
              00B654A1 
              00000E12 
              000A1432 N       DCD              0X12345678, 0x6A, 0x234, 0x49C,
 0xEEEA13BC, 0x98765432, 0x456, 0xB654A1, 0xE12, 0xA1432
   28 0000004C 00000000 
              00000000         AREA             mydata, DATA, READWRITE
   29 00000000 00000000 
              00000000 
              00000000 
              00000000 
              00000000 
              00000000 
              00000000 
              00000000 
              00000000 
              00000000 DST     DCD              0,0,0,0,0,0,0,0,0,0
   30 00000028                 END
Command Line: --debug --xref --cpu=Cortex-M3 --apcs=interwork --depend=q1text.d
 -oq1text.o -IC:\Keil\ARM\RV31\INC -IC:\Keil\ARM\CMSIS\Include -IC:\Keil\ARM\In
c\NXP\LPC17xx --predefine="__EVAL SETA 1" --list=q1text.lst q1text.asm



ARM Macro Assembler    Page 1 Alphabetic symbol ordering
Relocatable symbols

RESET 00000000

Symbol: RESET
   Definitions
      At line 1 in file q1text.asm
   Uses
      None
Comment: RESET unused
__Vectors 00000000

Symbol: __Vectors
   Definitions
      At line 3 in file q1text.asm
   Uses
      At line 2 in file q1text.asm
Comment: __Vectors used once
2 symbols



ARM Macro Assembler    Page 1 Alphabetic symbol ordering
Relocatable symbols

BACK 00000008

Symbol: BACK
   Definitions
      At line 14 in file q1text.asm
   Uses
      At line 20 in file q1text.asm
Comment: BACK used once
N 00000024

Symbol: N
   Definitions
      At line 27 in file q1text.asm
   Uses
      At line 12 in file q1text.asm
Comment: N used once
Reset_Handler 00000000

Symbol: Reset_Handler
   Definitions
      At line 10 in file q1text.asm
   Uses
      At line 5 in file q1text.asm
      At line 9 in file q1text.asm

STOP 00000020

Symbol: STOP
   Definitions
      At line 25 in file q1text.asm
   Uses
      At line 26 in file q1text.asm
Comment: STOP used once
mycode 00000000

Symbol: mycode
   Definitions
      At line 7 in file q1text.asm
   Uses
      None
Comment: mycode unused
5 symbols



ARM Macro Assembler    Page 1 Alphabetic symbol ordering
Relocatable symbols

DST 00000000

Symbol: DST
   Definitions
      At line 29 in file q1text.asm
   Uses
      At line 13 in file q1text.asm
Comment: DST used once
mydata 00000000

Symbol: mydata
   Definitions
      At line 28 in file q1text.asm
   Uses
      None
Comment: mydata unused
2 symbols
342 symbols in table
