


ARM Macro Assembler    Page 1 


    1 00000000                 AREA             RESET, DATA, READONLY
    2 00000000                 EXPORT           __Vectors
    3 00000000         __Vectors
    4 00000000 10001000        DCD              0x10001000
    5 00000004 00000000        DCD              Reset_Handler
    6 00000008                 ALIGN
    7 00000008                 AREA             mycode, CODE, READONLY
    8 00000000                 ENTRY
    9 00000000                 EXPORT           Reset_Handler
   10 00000000         Reset_Handler
   11 00000000 F04F 0604       MOV              R6, #4
   12 00000004 4811            LDR              R0, =N1
   13 00000006 4912            LDR              R1, =N2
   14 00000008 4A12            LDR              R2, =DST
   15 0000000A F112 38FF       ADDS             R8, R2, #0xFFFFFFFF ; Carry fla
                                                            g set to 1
   16 0000000E         BACK
   17 0000000E F851 4B04       LDR              R4, [R1], #4
   18 00000012 F850 3B04       LDR              R3, [R0], #4
   19 00000016 EB73 0504       SBCS             R5, R3, R4
   20 0000001A F842 5B04       STR              R5, [R2] , #4
   21 0000001E F1A6 0601       SUB              R6, #1
   22 00000022 F096 0F00       TEQ              R6, #0
   23 00000026 D1F2            BNE              BACK
   24 00000028         
   25 00000028         STOP
   26 00000028 E7FE            B                STOP
   27 0000002A 00 00 99999999 
              22222222 
              12000000 
              1EEEEEEE N1      DCD              0X99999999, 0x22222222, 0x12000
000, 0x1EEEEEEE
   28 0000003C 11111111 
              22222222 
              33333333 
              44444444 N2      DCD              0x11111111, 0x22222222, 0x33333
333, 0x44444444
   29 0000004C 00000000 
              00000000 
              00000000         AREA             mydata, DATA, READWRITE
   30 00000000 00000000 
              00000000 
              00000000 
              00000000 
              00000000 
              00000000 
              00000000 
              00000000 
              00000000 
              00000000 DST     DCD              0,0,0,0,0,0,0,0,0,0
   31 00000028                 END
Command Line: --debug --xref --cpu=Cortex-M3 --apcs=interwork --depend=q3text.d
 -oq3text.o -IC:\Keil\ARM\RV31\INC -IC:\Keil\ARM\CMSIS\Include -IC:\Keil\ARM\In
c\NXP\LPC17xx --predefine="__EVAL SETA 1" --list=q3text.lst q3text.asm



ARM Macro Assembler    Page 1 Alphabetic symbol ordering
Relocatable symbols

RESET 00000000

Symbol: RESET
   Definitions
      At line 1 in file q3text.asm
   Uses
      None
Comment: RESET unused
__Vectors 00000000

Symbol: __Vectors
   Definitions
      At line 3 in file q3text.asm
   Uses
      At line 2 in file q3text.asm
Comment: __Vectors used once
2 symbols



ARM Macro Assembler    Page 1 Alphabetic symbol ordering
Relocatable symbols

BACK 0000000E

Symbol: BACK
   Definitions
      At line 16 in file q3text.asm
   Uses
      At line 23 in file q3text.asm
Comment: BACK used once
N1 0000002C

Symbol: N1
   Definitions
      At line 27 in file q3text.asm
   Uses
      At line 12 in file q3text.asm
Comment: N1 used once
N2 0000003C

Symbol: N2
   Definitions
      At line 28 in file q3text.asm
   Uses
      At line 13 in file q3text.asm
Comment: N2 used once
Reset_Handler 00000000

Symbol: Reset_Handler
   Definitions
      At line 10 in file q3text.asm
   Uses
      At line 5 in file q3text.asm
      At line 9 in file q3text.asm

STOP 00000028

Symbol: STOP
   Definitions
      At line 25 in file q3text.asm
   Uses
      At line 26 in file q3text.asm
Comment: STOP used once
mycode 00000000

Symbol: mycode
   Definitions
      At line 7 in file q3text.asm
   Uses
      None
Comment: mycode unused
6 symbols



ARM Macro Assembler    Page 1 Alphabetic symbol ordering
Relocatable symbols

DST 00000000

Symbol: DST
   Definitions
      At line 30 in file q3text.asm
   Uses
      At line 14 in file q3text.asm
Comment: DST used once
mydata 00000000

Symbol: mydata
   Definitions
      At line 29 in file q3text.asm
   Uses
      None
Comment: mydata unused
2 symbols
343 symbols in table
